<?xml version="1.0" encoding="UTF-8"?>
<coverage generated="1745873192052" clover="3.2.0">
  <project timestamp="1745873192052" name="All files">
    <metrics statements="49" coveredstatements="45" conditionals="32" coveredconditionals="27" methods="12" coveredmethods="12" elements="93" coveredelements="84" complexity="0" loc="49" ncloc="49" packages="4" files="4" classes="4"/>
    <package name="src">
      <metrics statements="12" coveredstatements="11" conditionals="3" coveredconditionals="2" methods="3" coveredmethods="3"/>
      <file name="index.js" path="/root/fullstack-javascript-project-103/src/index.js">
        <metrics statements="12" coveredstatements="11" conditionals="3" coveredconditionals="2" methods="3" coveredmethods="3"/>
        <line num="7" count="1" type="stmt"/>
        <line num="8" count="2" type="stmt"/>
        <line num="9" count="2" type="stmt"/>
        <line num="12" count="2" type="stmt"/>
        <line num="13" count="1" type="cond" truecount="1" falsecount="0"/>
        <line num="14" count="1" type="stmt"/>
        <line num="15" count="1" type="stmt"/>
        <line num="16" count="1" type="stmt"/>
        <line num="17" count="1" type="stmt"/>
        <line num="19" count="1" type="stmt"/>
        <line num="20" count="1" type="cond" truecount="1" falsecount="1"/>
        <line num="21" count="0" type="stmt"/>
      </file>
    </package>
    <package name="src.formatters">
      <metrics statements="18" coveredstatements="17" conditionals="12" coveredconditionals="11" methods="5" coveredmethods="5"/>
      <file name="stylish.js" path="/root/fullstack-javascript-project-103/src/formatters/stylish.js">
        <metrics statements="18" coveredstatements="17" conditionals="12" coveredconditionals="11" methods="5" coveredmethods="5"/>
        <line num="1" count="12" type="cond" truecount="1" falsecount="0"/>
        <line num="3" count="1" type="stmt"/>
        <line num="4" count="27" type="cond" truecount="4" falsecount="0"/>
        <line num="6" count="7" type="stmt"/>
        <line num="7" count="7" type="stmt"/>
        <line num="8" count="9" type="stmt"/>
        <line num="9" count="7" type="stmt"/>
        <line num="12" count="1" type="cond" truecount="1" falsecount="0"/>
        <line num="13" count="5" type="stmt"/>
        <line num="14" count="5" type="stmt"/>
        <line num="15" count="18" type="cond" truecount="5" falsecount="1"/>
        <line num="17" count="5" type="stmt"/>
        <line num="19" count="2" type="stmt"/>
        <line num="21" count="3" type="stmt"/>
        <line num="23" count="4" type="stmt"/>
        <line num="25" count="4" type="stmt"/>
        <line num="30" count="0" type="stmt"/>
        <line num="33" count="5" type="stmt"/>
      </file>
    </package>
    <package name="src.parsers">
      <metrics statements="5" coveredstatements="3" conditionals="4" coveredconditionals="1" methods="1" coveredmethods="1"/>
      <file name="parsers.js" path="/root/fullstack-javascript-project-103/src/parsers/parsers.js">
        <metrics statements="5" coveredstatements="3" conditionals="4" coveredconditionals="1" methods="1" coveredmethods="1"/>
        <line num="3" count="1" type="stmt"/>
        <line num="4" count="2" type="cond" truecount="1" falsecount="3"/>
        <line num="6" count="2" type="stmt"/>
        <line num="9" count="0" type="stmt"/>
        <line num="11" count="0" type="stmt"/>
      </file>
    </package>
    <package name="src.utils">
      <metrics statements="14" coveredstatements="14" conditionals="13" coveredconditionals="13" methods="3" coveredmethods="3"/>
      <file name="diff.js" path="/root/fullstack-javascript-project-103/src/utils/diff.js">
        <metrics statements="14" coveredstatements="14" conditionals="13" coveredconditionals="13" methods="3" coveredmethods="3"/>
        <line num="2" count="16" type="cond" truecount="3" falsecount="0"/>
        <line num="4" count="1" type="stmt"/>
        <line num="5" count="5" type="stmt"/>
        <line num="6" count="5" type="stmt"/>
        <line num="8" count="5" type="stmt"/>
        <line num="9" count="18" type="cond" truecount="2" falsecount="0"/>
        <line num="10" count="2" type="stmt"/>
        <line num="12" count="16" type="cond" truecount="2" falsecount="0"/>
        <line num="13" count="5" type="stmt"/>
        <line num="15" count="11" type="cond" truecount="4" falsecount="0"/>
        <line num="16" count="4" type="stmt"/>
        <line num="22" count="7" type="cond" truecount="2" falsecount="0"/>
        <line num="23" count="4" type="stmt"/>
        <line num="30" count="3" type="stmt"/>
      </file>
    </package>
  </project>
</coverage>
