{"/root/fullstack-javascript-project-103/src/index.js": {"path":"/root/fullstack-javascript-project-103/src/index.js","statementMap":{"0":{"start":{"line":7,"column":20},"end":{"line":7,"column":39}},"1":{"start":{"line":8,"column":20},"end":{"line":8,"column":39}},"2":{"start":{"line":10,"column":23},"end":{"line":10,"column":55}},"3":{"start":{"line":11,"column":23},"end":{"line":11,"column":55}},"4":{"start":{"line":13,"column":15},"end":{"line":13,"column":39}},"5":{"start":{"line":14,"column":15},"end":{"line":14,"column":39}},"6":{"start":{"line":16,"column":15},"end":{"line":16,"column":36}},"7":{"start":{"line":19,"column":2},"end":{"line":24,"column":3}},"8":{"start":{"line":21,"column":6},"end":{"line":21,"column":33}},"9":{"start":{"line":23,"column":6},"end":{"line":23,"column":33}}},"fnMap":{"0":{"name":"genDiff","decl":{"start":{"line":6,"column":24},"end":{"line":6,"column":31}},"loc":{"start":{"line":6,"column":66},"end":{"line":25,"column":1}},"line":6}},"branchMap":{"0":{"loc":{"start":{"line":6,"column":46},"end":{"line":6,"column":64}},"type":"default-arg","locations":[{"start":{"line":6,"column":55},"end":{"line":6,"column":64}}],"line":6},"1":{"loc":{"start":{"line":19,"column":2},"end":{"line":24,"column":3}},"type":"switch","locations":[{"start":{"line":20,"column":4},"end":{"line":21,"column":33}},{"start":{"line":22,"column":4},"end":{"line":23,"column":33}}],"line":19}},"s":{"0":1,"1":1,"2":1,"3":1,"4":1,"5":1,"6":1,"7":1,"8":1,"9":0},"f":{"0":1},"b":{"0":[1],"1":[1,0]},"_coverageSchema":"1a1c01bbd47fc00a2c39e90264f33305004495a9","hash":"52888344cad990d99dd5d66d62f29e7f1f1b6523"}
,"/root/fullstack-javascript-project-103/src/formatters/stylish.js": {"path":"/root/fullstack-javascript-project-103/src/formatters/stylish.js","statementMap":{"0":{"start":{"line":1,"column":18},"end":{"line":1,"column":79}},"1":{"start":{"line":1,"column":45},"end":{"line":1,"column":79}},"2":{"start":{"line":2,"column":25},"end":{"line":2,"column":88}},"3":{"start":{"line":2,"column":52},"end":{"line":2,"column":88}},"4":{"start":{"line":4,"column":18},"end":{"line":15,"column":1}},"5":{"start":{"line":5,"column":2},"end":{"line":7,"column":3}},"6":{"start":{"line":6,"column":4},"end":{"line":6,"column":25}},"7":{"start":{"line":9,"column":18},"end":{"line":9,"column":39}},"8":{"start":{"line":10,"column":16},"end":{"line":12,"column":3}},"9":{"start":{"line":11,"column":20},"end":{"line":11,"column":78}},"10":{"start":{"line":14,"column":2},"end":{"line":14,"column":71}},"11":{"start":{"line":17,"column":16},"end":{"line":62,"column":1}},"12":{"start":{"line":18,"column":17},"end":{"line":18,"column":33}},"13":{"start":{"line":19,"column":24},"end":{"line":19,"column":47}},"14":{"start":{"line":21,"column":2},"end":{"line":23,"column":3}},"15":{"start":{"line":22,"column":4},"end":{"line":22,"column":34}},"16":{"start":{"line":25,"column":20},"end":{"line":25,"column":68}},"17":{"start":{"line":27,"column":16},"end":{"line":59,"column":4}},"18":{"start":{"line":28,"column":4},"end":{"line":30,"column":5}},"19":{"start":{"line":29,"column":6},"end":{"line":29,"column":36}},"20":{"start":{"line":32,"column":33},"end":{"line":32,"column":37}},"21":{"start":{"line":34,"column":4},"end":{"line":36,"column":5}},"22":{"start":{"line":35,"column":6},"end":{"line":35,"column":65}},"23":{"start":{"line":38,"column":4},"end":{"line":58,"column":5}},"24":{"start":{"line":40,"column":8},"end":{"line":40,"column":67}},"25":{"start":{"line":42,"column":8},"end":{"line":42,"column":67}},"26":{"start":{"line":44,"column":8},"end":{"line":44,"column":67}},"27":{"start":{"line":46,"column":8},"end":{"line":49,"column":21}},"28":{"start":{"line":51,"column":8},"end":{"line":55,"column":21}},"29":{"start":{"line":57,"column":8},"end":{"line":57,"column":67}},"30":{"start":{"line":61,"column":2},"end":{"line":61,"column":26}},"31":{"start":{"line":64,"column":25},"end":{"line":64,"column":49}}},"fnMap":{"0":{"name":"(anonymous_0)","decl":{"start":{"line":1,"column":18},"end":{"line":1,"column":19}},"loc":{"start":{"line":1,"column":45},"end":{"line":1,"column":79}},"line":1},"1":{"name":"(anonymous_1)","decl":{"start":{"line":2,"column":25},"end":{"line":2,"column":26}},"loc":{"start":{"line":2,"column":52},"end":{"line":2,"column":88}},"line":2},"2":{"name":"(anonymous_2)","decl":{"start":{"line":4,"column":18},"end":{"line":4,"column":19}},"loc":{"start":{"line":4,"column":36},"end":{"line":15,"column":1}},"line":4},"3":{"name":"(anonymous_3)","decl":{"start":{"line":11,"column":4},"end":{"line":11,"column":5}},"loc":{"start":{"line":11,"column":20},"end":{"line":11,"column":78}},"line":11},"4":{"name":"(anonymous_4)","decl":{"start":{"line":17,"column":16},"end":{"line":17,"column":17}},"loc":{"start":{"line":17,"column":37},"end":{"line":62,"column":1}},"line":17},"5":{"name":"(anonymous_5)","decl":{"start":{"line":27,"column":30},"end":{"line":27,"column":31}},"loc":{"start":{"line":27,"column":40},"end":{"line":59,"column":3}},"line":27},"6":{"name":"(anonymous_6)","decl":{"start":{"line":64,"column":15},"end":{"line":64,"column":16}},"loc":{"start":{"line":64,"column":25},"end":{"line":64,"column":49}},"line":64}},"branchMap":{"0":{"loc":{"start":{"line":1,"column":26},"end":{"line":1,"column":40}},"type":"default-arg","locations":[{"start":{"line":1,"column":39},"end":{"line":1,"column":40}}],"line":1},"1":{"loc":{"start":{"line":2,"column":33},"end":{"line":2,"column":47}},"type":"default-arg","locations":[{"start":{"line":2,"column":46},"end":{"line":2,"column":47}}],"line":2},"2":{"loc":{"start":{"line":5,"column":2},"end":{"line":7,"column":3}},"type":"if","locations":[{"start":{"line":5,"column":2},"end":{"line":7,"column":3}},{"start":{},"end":{}}],"line":5},"3":{"loc":{"start":{"line":5,"column":6},"end":{"line":5,"column":49}},"type":"binary-expr","locations":[{"start":{"line":5,"column":6},"end":{"line":5,"column":31}},{"start":{"line":5,"column":35},"end":{"line":5,"column":49}}],"line":5},"4":{"loc":{"start":{"line":17,"column":23},"end":{"line":17,"column":32}},"type":"default-arg","locations":[{"start":{"line":17,"column":31},"end":{"line":17,"column":32}}],"line":17},"5":{"loc":{"start":{"line":21,"column":2},"end":{"line":23,"column":3}},"type":"if","locations":[{"start":{"line":21,"column":2},"end":{"line":23,"column":3}},{"start":{},"end":{}}],"line":21},"6":{"loc":{"start":{"line":21,"column":6},"end":{"line":21,"column":39}},"type":"binary-expr","locations":[{"start":{"line":21,"column":6},"end":{"line":21,"column":11}},{"start":{"line":21,"column":15},"end":{"line":21,"column":39}}],"line":21},"7":{"loc":{"start":{"line":25,"column":20},"end":{"line":25,"column":68}},"type":"cond-expr","locations":[{"start":{"line":25,"column":42},"end":{"line":25,"column":46}},{"start":{"line":25,"column":49},"end":{"line":25,"column":68}}],"line":25},"8":{"loc":{"start":{"line":28,"column":4},"end":{"line":30,"column":5}},"type":"if","locations":[{"start":{"line":28,"column":4},"end":{"line":30,"column":5}},{"start":{},"end":{}}],"line":28},"9":{"loc":{"start":{"line":28,"column":8},"end":{"line":28,"column":41}},"type":"binary-expr","locations":[{"start":{"line":28,"column":8},"end":{"line":28,"column":13}},{"start":{"line":28,"column":17},"end":{"line":28,"column":41}}],"line":28},"10":{"loc":{"start":{"line":34,"column":4},"end":{"line":36,"column":5}},"type":"if","locations":[{"start":{"line":34,"column":4},"end":{"line":36,"column":5}},{"start":{},"end":{}}],"line":34},"11":{"loc":{"start":{"line":38,"column":4},"end":{"line":58,"column":5}},"type":"switch","locations":[{"start":{"line":39,"column":6},"end":{"line":40,"column":67}},{"start":{"line":41,"column":6},"end":{"line":42,"column":67}},{"start":{"line":43,"column":6},"end":{"line":44,"column":67}},{"start":{"line":45,"column":6},"end":{"line":49,"column":21}},{"start":{"line":50,"column":6},"end":{"line":55,"column":21}},{"start":{"line":56,"column":6},"end":{"line":57,"column":67}}],"line":38}},"s":{"0":1,"1":1,"2":1,"3":1,"4":1,"5":1,"6":1,"7":0,"8":0,"9":0,"10":0,"11":1,"12":1,"13":1,"14":1,"15":1,"16":0,"17":0,"18":0,"19":0,"20":0,"21":0,"22":0,"23":0,"24":0,"25":0,"26":0,"27":0,"28":0,"29":0,"30":0,"31":1},"f":{"0":1,"1":1,"2":1,"3":0,"4":1,"5":0,"6":1},"b":{"0":[1],"1":[1],"2":[1,0],"3":[1,0],"4":[1],"5":[1,0],"6":[1,1],"7":[0,0],"8":[0,0],"9":[0,0],"10":[0,0],"11":[0,0,0,0,0,0]},"_coverageSchema":"1a1c01bbd47fc00a2c39e90264f33305004495a9","hash":"fb4d08757b57950f643215b6ec1a9ce475d28c0d"}
,"/root/fullstack-javascript-project-103/src/utils/diff.js": {"path":"/root/fullstack-javascript-project-103/src/utils/diff.js","statementMap":{"0":{"start":{"line":1,"column":18},"end":{"line":20,"column":1}},"1":{"start":{"line":2,"column":16},"end":{"line":2,"column":33}},"2":{"start":{"line":3,"column":16},"end":{"line":3,"column":33}},"3":{"start":{"line":4,"column":18},"end":{"line":4,"column":59}},"4":{"start":{"line":6,"column":15},"end":{"line":17,"column":4}},"5":{"start":{"line":7,"column":4},"end":{"line":9,"column":5}},"6":{"start":{"line":8,"column":6},"end":{"line":8,"column":40}},"7":{"start":{"line":10,"column":4},"end":{"line":12,"column":5}},"8":{"start":{"line":11,"column":6},"end":{"line":11,"column":40}},"9":{"start":{"line":13,"column":4},"end":{"line":15,"column":5}},"10":{"start":{"line":14,"column":6},"end":{"line":14,"column":66}},"11":{"start":{"line":16,"column":4},"end":{"line":16,"column":38}},"12":{"start":{"line":19,"column":2},"end":{"line":19,"column":36}}},"fnMap":{"0":{"name":"(anonymous_0)","decl":{"start":{"line":1,"column":18},"end":{"line":1,"column":19}},"loc":{"start":{"line":1,"column":34},"end":{"line":20,"column":1}},"line":1},"1":{"name":"(anonymous_1)","decl":{"start":{"line":6,"column":27},"end":{"line":6,"column":28}},"loc":{"start":{"line":6,"column":36},"end":{"line":17,"column":3}},"line":6}},"branchMap":{"0":{"loc":{"start":{"line":7,"column":4},"end":{"line":9,"column":5}},"type":"if","locations":[{"start":{"line":7,"column":4},"end":{"line":9,"column":5}},{"start":{},"end":{}}],"line":7},"1":{"loc":{"start":{"line":10,"column":4},"end":{"line":12,"column":5}},"type":"if","locations":[{"start":{"line":10,"column":4},"end":{"line":12,"column":5}},{"start":{},"end":{}}],"line":10},"2":{"loc":{"start":{"line":13,"column":4},"end":{"line":15,"column":5}},"type":"if","locations":[{"start":{"line":13,"column":4},"end":{"line":15,"column":5}},{"start":{},"end":{}}],"line":13}},"s":{"0":1,"1":1,"2":1,"3":1,"4":1,"5":4,"6":1,"7":3,"8":1,"9":2,"10":2,"11":0,"12":1},"f":{"0":1,"1":4},"b":{"0":[1,3],"1":[1,2],"2":[2,0]},"_coverageSchema":"1a1c01bbd47fc00a2c39e90264f33305004495a9","hash":"3cdf9a5080d5302ffb3cfa0f4c12fc459a93b847"}
}
