{"/root/fullstack-javascript-project-103/src/index.js": {"path":"/root/fullstack-javascript-project-103/src/index.js","statementMap":{"0":{"start":{"line":7,"column":23},"end":{"line":10,"column":1}},"1":{"start":{"line":8,"column":23},"end":{"line":8,"column":60}},"2":{"start":{"line":9,"column":2},"end":{"line":9,"column":45}},"3":{"start":{"line":12,"column":22},"end":{"line":12,"column":67}},"4":{"start":{"line":12,"column":36},"end":{"line":12,"column":67}},"5":{"start":{"line":13,"column":16},"end":{"line":22,"column":1}},"6":{"start":{"line":14,"column":19},"end":{"line":14,"column":44}},"7":{"start":{"line":15,"column":19},"end":{"line":15,"column":44}},"8":{"start":{"line":16,"column":15},"end":{"line":16,"column":56}},"9":{"start":{"line":17,"column":15},"end":{"line":17,"column":56}},"10":{"start":{"line":19,"column":15},"end":{"line":19,"column":36}},"11":{"start":{"line":20,"column":2},"end":{"line":20,"column":49}},"12":{"start":{"line":20,"column":28},"end":{"line":20,"column":49}},"13":{"start":{"line":21,"column":2},"end":{"line":21,"column":51}}},"fnMap":{"0":{"name":"(anonymous_0)","decl":{"start":{"line":7,"column":23},"end":{"line":7,"column":24}},"loc":{"start":{"line":7,"column":37},"end":{"line":10,"column":1}},"line":7},"1":{"name":"(anonymous_1)","decl":{"start":{"line":12,"column":22},"end":{"line":12,"column":23}},"loc":{"start":{"line":12,"column":36},"end":{"line":12,"column":67}},"line":12},"2":{"name":"(anonymous_2)","decl":{"start":{"line":13,"column":16},"end":{"line":13,"column":17}},"loc":{"start":{"line":13,"column":62},"end":{"line":22,"column":1}},"line":13}},"branchMap":{"0":{"loc":{"start":{"line":13,"column":39},"end":{"line":13,"column":57}},"type":"default-arg","locations":[{"start":{"line":13,"column":48},"end":{"line":13,"column":57}}],"line":13},"1":{"loc":{"start":{"line":20,"column":2},"end":{"line":20,"column":49}},"type":"if","locations":[{"start":{"line":20,"column":2},"end":{"line":20,"column":49}},{"start":{},"end":{}}],"line":20}},"s":{"0":1,"1":2,"2":2,"3":1,"4":2,"5":1,"6":1,"7":1,"8":1,"9":1,"10":1,"11":1,"12":1,"13":0},"f":{"0":2,"1":2,"2":1},"b":{"0":[1],"1":[1,0]},"_coverageSchema":"1a1c01bbd47fc00a2c39e90264f33305004495a9","hash":"af5cba9a3fe2fe001115734c5df5e0404caf149f"}
,"/root/fullstack-javascript-project-103/src/formatters/stylish.js": {"path":"/root/fullstack-javascript-project-103/src/formatters/stylish.js","statementMap":{"0":{"start":{"line":1,"column":20},"end":{"line":1,"column":83}},"1":{"start":{"line":1,"column":48},"end":{"line":1,"column":83}},"2":{"start":{"line":3,"column":20},"end":{"line":10,"column":1}},"3":{"start":{"line":4,"column":2},"end":{"line":4,"column":72}},"4":{"start":{"line":4,"column":51},"end":{"line":4,"column":72}},"5":{"start":{"line":6,"column":17},"end":{"line":6,"column":39}},"6":{"start":{"line":7,"column":18},"end":{"line":7,"column":39}},"7":{"start":{"line":8,"column":20},"end":{"line":8,"column":102}},"8":{"start":{"line":8,"column":48},"end":{"line":8,"column":101}},"9":{"start":{"line":9,"column":2},"end":{"line":9,"column":50}},"10":{"start":{"line":12,"column":16},"end":{"line":34,"column":1}},"11":{"start":{"line":13,"column":17},"end":{"line":13,"column":35}},"12":{"start":{"line":14,"column":17},"end":{"line":32,"column":4}},"13":{"start":{"line":15,"column":4},"end":{"line":31,"column":5}},"14":{"start":{"line":17,"column":8},"end":{"line":17,"column":75}},"15":{"start":{"line":19,"column":8},"end":{"line":19,"column":75}},"16":{"start":{"line":21,"column":8},"end":{"line":21,"column":75}},"17":{"start":{"line":23,"column":8},"end":{"line":23,"column":95}},"18":{"start":{"line":25,"column":8},"end":{"line":28,"column":21}},"19":{"start":{"line":30,"column":8},"end":{"line":30,"column":59}},"20":{"start":{"line":33,"column":2},"end":{"line":33,"column":27}}},"fnMap":{"0":{"name":"(anonymous_0)","decl":{"start":{"line":1,"column":20},"end":{"line":1,"column":21}},"loc":{"start":{"line":1,"column":48},"end":{"line":1,"column":83}},"line":1},"1":{"name":"(anonymous_1)","decl":{"start":{"line":3,"column":20},"end":{"line":3,"column":21}},"loc":{"start":{"line":3,"column":38},"end":{"line":10,"column":1}},"line":3},"2":{"name":"(anonymous_2)","decl":{"start":{"line":8,"column":32},"end":{"line":8,"column":33}},"loc":{"start":{"line":8,"column":48},"end":{"line":8,"column":101}},"line":8},"3":{"name":"(anonymous_3)","decl":{"start":{"line":12,"column":16},"end":{"line":12,"column":17}},"loc":{"start":{"line":12,"column":37},"end":{"line":34,"column":1}},"line":12},"4":{"name":"(anonymous_4)","decl":{"start":{"line":14,"column":26},"end":{"line":14,"column":27}},"loc":{"start":{"line":14,"column":36},"end":{"line":32,"column":3}},"line":14}},"branchMap":{"0":{"loc":{"start":{"line":1,"column":28},"end":{"line":1,"column":43}},"type":"default-arg","locations":[{"start":{"line":1,"column":42},"end":{"line":1,"column":43}}],"line":1},"1":{"loc":{"start":{"line":4,"column":2},"end":{"line":4,"column":72}},"type":"if","locations":[{"start":{"line":4,"column":2},"end":{"line":4,"column":72}},{"start":{},"end":{}}],"line":4},"2":{"loc":{"start":{"line":4,"column":6},"end":{"line":4,"column":49}},"type":"binary-expr","locations":[{"start":{"line":4,"column":6},"end":{"line":4,"column":31}},{"start":{"line":4,"column":35},"end":{"line":4,"column":49}}],"line":4},"3":{"loc":{"start":{"line":12,"column":23},"end":{"line":12,"column":32}},"type":"default-arg","locations":[{"start":{"line":12,"column":31},"end":{"line":12,"column":32}}],"line":12},"4":{"loc":{"start":{"line":15,"column":4},"end":{"line":31,"column":5}},"type":"switch","locations":[{"start":{"line":16,"column":6},"end":{"line":17,"column":75}},{"start":{"line":18,"column":6},"end":{"line":19,"column":75}},{"start":{"line":20,"column":6},"end":{"line":21,"column":75}},{"start":{"line":22,"column":6},"end":{"line":23,"column":95}},{"start":{"line":24,"column":6},"end":{"line":28,"column":21}},{"start":{"line":29,"column":6},"end":{"line":30,"column":59}}],"line":15}},"s":{"0":1,"1":12,"2":1,"3":27,"4":20,"5":7,"6":7,"7":7,"8":9,"9":7,"10":1,"11":5,"12":5,"13":18,"14":5,"15":2,"16":3,"17":4,"18":4,"19":0,"20":5},"f":{"0":12,"1":27,"2":9,"3":5,"4":18},"b":{"0":[12],"1":[20,7],"2":[27,8],"3":[1],"4":[5,2,3,4,4,0]},"_coverageSchema":"1a1c01bbd47fc00a2c39e90264f33305004495a9","hash":"ce163bd57d6e9f7bde75554aa58e429511ba6cb3"}
,"/root/fullstack-javascript-project-103/src/parsers/parsers.js": {"path":"/root/fullstack-javascript-project-103/src/parsers/parsers.js","statementMap":{"0":{"start":{"line":3,"column":14},"end":{"line":13,"column":1}},"1":{"start":{"line":4,"column":2},"end":{"line":12,"column":3}},"2":{"start":{"line":6,"column":6},"end":{"line":6,"column":30}},"3":{"start":{"line":9,"column":6},"end":{"line":9,"column":29}},"4":{"start":{"line":11,"column":6},"end":{"line":11,"column":54}}},"fnMap":{"0":{"name":"(anonymous_0)","decl":{"start":{"line":3,"column":14},"end":{"line":3,"column":15}},"loc":{"start":{"line":3,"column":29},"end":{"line":13,"column":1}},"line":3}},"branchMap":{"0":{"loc":{"start":{"line":4,"column":2},"end":{"line":12,"column":3}},"type":"switch","locations":[{"start":{"line":5,"column":4},"end":{"line":6,"column":30}},{"start":{"line":7,"column":4},"end":{"line":7,"column":16}},{"start":{"line":8,"column":4},"end":{"line":9,"column":29}},{"start":{"line":10,"column":4},"end":{"line":11,"column":54}}],"line":4}},"s":{"0":1,"1":2,"2":2,"3":0,"4":0},"f":{"0":2},"b":{"0":[2,0,0,0]},"_coverageSchema":"1a1c01bbd47fc00a2c39e90264f33305004495a9","hash":"6524db574be8bebfe8fe606126e9965f8fd9a6f1"}
,"/root/fullstack-javascript-project-103/src/utils/diff.js": {"path":"/root/fullstack-javascript-project-103/src/utils/diff.js","statementMap":{"0":{"start":{"line":2,"column":17},"end":{"line":2,"column":96}},"1":{"start":{"line":2,"column":28},"end":{"line":2,"column":96}},"2":{"start":{"line":4,"column":18},"end":{"line":32,"column":1}},"3":{"start":{"line":5,"column":15},"end":{"line":5,"column":68}},"4":{"start":{"line":6,"column":21},"end":{"line":6,"column":37}},"5":{"start":{"line":8,"column":2},"end":{"line":31,"column":5}},"6":{"start":{"line":9,"column":4},"end":{"line":11,"column":5}},"7":{"start":{"line":10,"column":6},"end":{"line":10,"column":56}},"8":{"start":{"line":12,"column":4},"end":{"line":14,"column":5}},"9":{"start":{"line":13,"column":6},"end":{"line":13,"column":54}},"10":{"start":{"line":15,"column":4},"end":{"line":21,"column":5}},"11":{"start":{"line":16,"column":6},"end":{"line":20,"column":8}},"12":{"start":{"line":22,"column":4},"end":{"line":29,"column":5}},"13":{"start":{"line":23,"column":6},"end":{"line":28,"column":8}},"14":{"start":{"line":30,"column":4},"end":{"line":30,"column":56}}},"fnMap":{"0":{"name":"(anonymous_0)","decl":{"start":{"line":2,"column":17},"end":{"line":2,"column":18}},"loc":{"start":{"line":2,"column":28},"end":{"line":2,"column":96}},"line":2},"1":{"name":"(anonymous_1)","decl":{"start":{"line":4,"column":18},"end":{"line":4,"column":19}},"loc":{"start":{"line":4,"column":34},"end":{"line":32,"column":1}},"line":4},"2":{"name":"(anonymous_2)","decl":{"start":{"line":8,"column":24},"end":{"line":8,"column":25}},"loc":{"start":{"line":8,"column":33},"end":{"line":31,"column":3}},"line":8}},"branchMap":{"0":{"loc":{"start":{"line":2,"column":28},"end":{"line":2,"column":96}},"type":"binary-expr","locations":[{"start":{"line":2,"column":28},"end":{"line":2,"column":53}},{"start":{"line":2,"column":57},"end":{"line":2,"column":71}},{"start":{"line":2,"column":75},"end":{"line":2,"column":96}}],"line":2},"1":{"loc":{"start":{"line":9,"column":4},"end":{"line":11,"column":5}},"type":"if","locations":[{"start":{"line":9,"column":4},"end":{"line":11,"column":5}},{"start":{},"end":{}}],"line":9},"2":{"loc":{"start":{"line":12,"column":4},"end":{"line":14,"column":5}},"type":"if","locations":[{"start":{"line":12,"column":4},"end":{"line":14,"column":5}},{"start":{},"end":{}}],"line":12},"3":{"loc":{"start":{"line":15,"column":4},"end":{"line":21,"column":5}},"type":"if","locations":[{"start":{"line":15,"column":4},"end":{"line":21,"column":5}},{"start":{},"end":{}}],"line":15},"4":{"loc":{"start":{"line":15,"column":8},"end":{"line":15,"column":50}},"type":"binary-expr","locations":[{"start":{"line":15,"column":8},"end":{"line":15,"column":27}},{"start":{"line":15,"column":31},"end":{"line":15,"column":50}}],"line":15},"5":{"loc":{"start":{"line":22,"column":4},"end":{"line":29,"column":5}},"type":"if","locations":[{"start":{"line":22,"column":4},"end":{"line":29,"column":5}},{"start":{},"end":{}}],"line":22}},"s":{"0":1,"1":16,"2":1,"3":5,"4":5,"5":5,"6":18,"7":2,"8":16,"9":5,"10":11,"11":4,"12":7,"13":4,"14":3},"f":{"0":16,"1":5,"2":18},"b":{"0":[16,9,9],"1":[2,16],"2":[5,11],"3":[4,7],"4":[11,5],"5":[4,3]},"_coverageSchema":"1a1c01bbd47fc00a2c39e90264f33305004495a9","hash":"aa61cf1d8f6cf8fb35663272d4514b1ad622709b"}
}
