TN:
SF:src/index.js
FN:7,(anonymous_0)
FN:12,(anonymous_1)
FN:13,(anonymous_2)
FNF:3
FNH:3
FNDA:2,(anonymous_0)
FNDA:2,(anonymous_1)
FNDA:1,(anonymous_2)
DA:7,1
DA:8,2
DA:9,2
DA:12,2
DA:13,1
DA:14,1
DA:15,1
DA:16,1
DA:17,1
DA:19,1
DA:20,1
DA:21,0
LF:12
LH:11
BRDA:13,0,0,1
BRDA:20,1,0,1
BRDA:20,1,1,0
BRF:3
BRH:2
end_of_record
TN:
SF:src/formatters/stylish.js
FN:1,(anonymous_0)
FN:3,(anonymous_1)
FN:8,(anonymous_2)
FN:12,(anonymous_3)
FN:14,(anonymous_4)
FNF:5
FNH:5
FNDA:12,(anonymous_0)
FNDA:27,(anonymous_1)
FNDA:9,(anonymous_2)
FNDA:5,(anonymous_3)
FNDA:18,(anonymous_4)
DA:1,12
DA:3,1
DA:4,27
DA:6,7
DA:7,7
DA:8,9
DA:9,7
DA:12,1
DA:13,5
DA:14,5
DA:15,18
DA:17,5
DA:19,2
DA:21,3
DA:23,4
DA:25,4
DA:30,0
DA:33,5
LF:18
LH:17
BRDA:1,0,0,12
BRDA:4,1,0,20
BRDA:4,1,1,7
BRDA:4,2,0,27
BRDA:4,2,1,8
BRDA:12,3,0,1
BRDA:15,4,0,5
BRDA:15,4,1,2
BRDA:15,4,2,3
BRDA:15,4,3,4
BRDA:15,4,4,4
BRDA:15,4,5,0
BRF:12
BRH:11
end_of_record
TN:
SF:src/parsers/parsers.js
FN:3,(anonymous_0)
FNF:1
FNH:1
FNDA:2,(anonymous_0)
DA:3,1
DA:4,2
DA:6,2
DA:9,0
DA:11,0
LF:5
LH:3
BRDA:4,0,0,2
BRDA:4,0,1,0
BRDA:4,0,2,0
BRDA:4,0,3,0
BRF:4
BRH:1
end_of_record
TN:
SF:src/utils/diff.js
FN:2,(anonymous_0)
FN:4,(anonymous_1)
FN:8,(anonymous_2)
FNF:3
FNH:3
FNDA:16,(anonymous_0)
FNDA:5,(anonymous_1)
FNDA:18,(anonymous_2)
DA:2,16
DA:4,1
DA:5,5
DA:6,5
DA:8,5
DA:9,18
DA:10,2
DA:12,16
DA:13,5
DA:15,11
DA:16,4
DA:22,7
DA:23,4
DA:30,3
LF:14
LH:14
BRDA:2,0,0,16
BRDA:2,0,1,9
BRDA:2,0,2,9
BRDA:9,1,0,2
BRDA:9,1,1,16
BRDA:12,2,0,5
BRDA:12,2,1,11
BRDA:15,3,0,4
BRDA:15,3,1,7
BRDA:15,4,0,11
BRDA:15,4,1,5
BRDA:22,5,0,4
BRDA:22,5,1,3
BRF:13
BRH:13
end_of_record
