TN:
SF:src/index.js
FN:6,genDiff
FNF:1
FNH:1
FNDA:1,genDiff
DA:7,1
DA:8,1
DA:10,1
DA:11,1
DA:13,1
DA:14,1
DA:16,1
DA:19,1
DA:21,1
DA:23,0
LF:10
LH:9
BRDA:6,0,0,1
BRDA:19,1,0,1
BRDA:19,1,1,0
BRF:3
BRH:2
end_of_record
TN:
SF:src/formatters/stylish.js
FN:1,(anonymous_0)
FN:2,(anonymous_1)
FN:4,(anonymous_2)
FN:11,(anonymous_3)
FN:17,(anonymous_4)
FN:27,(anonymous_5)
FN:64,(anonymous_6)
FNF:7
FNH:5
FNDA:1,(anonymous_0)
FNDA:1,(anonymous_1)
FNDA:1,(anonymous_2)
FNDA:0,(anonymous_3)
FNDA:1,(anonymous_4)
FNDA:0,(anonymous_5)
FNDA:1,(anonymous_6)
DA:1,1
DA:2,1
DA:4,1
DA:5,1
DA:6,1
DA:9,0
DA:10,0
DA:11,0
DA:14,0
DA:17,1
DA:18,1
DA:19,1
DA:21,1
DA:22,1
DA:25,0
DA:27,0
DA:28,0
DA:29,0
DA:32,0
DA:34,0
DA:35,0
DA:38,0
DA:40,0
DA:42,0
DA:44,0
DA:46,0
DA:51,0
DA:57,0
DA:61,0
DA:64,1
LF:30
LH:11
BRDA:1,0,0,1
BRDA:2,1,0,1
BRDA:5,2,0,1
BRDA:5,2,1,0
BRDA:5,3,0,1
BRDA:5,3,1,0
BRDA:17,4,0,1
BRDA:21,5,0,1
BRDA:21,5,1,0
BRDA:21,6,0,1
BRDA:21,6,1,1
BRDA:25,7,0,0
BRDA:25,7,1,0
BRDA:28,8,0,0
BRDA:28,8,1,0
BRDA:28,9,0,0
BRDA:28,9,1,0
BRDA:34,10,0,0
BRDA:34,10,1,0
BRDA:38,11,0,0
BRDA:38,11,1,0
BRDA:38,11,2,0
BRDA:38,11,3,0
BRDA:38,11,4,0
BRDA:38,11,5,0
BRF:25
BRH:8
end_of_record
TN:
SF:src/utils/diff.js
FN:1,(anonymous_0)
FN:6,(anonymous_1)
FNF:2
FNH:2
FNDA:1,(anonymous_0)
FNDA:4,(anonymous_1)
DA:1,1
DA:2,1
DA:3,1
DA:4,1
DA:6,1
DA:7,4
DA:8,1
DA:10,3
DA:11,1
DA:13,2
DA:14,2
DA:16,0
DA:19,1
LF:13
LH:12
BRDA:7,0,0,1
BRDA:7,0,1,3
BRDA:10,1,0,1
BRDA:10,1,1,2
BRDA:13,2,0,2
BRDA:13,2,1,0
BRF:6
BRH:5
end_of_record
